[debug] [2024-03-11T22:32:25.667Z] ----------------------------------------------------------------------
[debug] [2024-03-11T22:32:25.669Z] Command:       C:\Program Files\nodejs\node.exe C:\Users\joshr\AppData\Roaming\npm\node_modules\firebase-tools\lib\bin\firebase.js deploy --only functions
[debug] [2024-03-11T22:32:25.670Z] CLI Version:   13.4.1
[debug] [2024-03-11T22:32:25.670Z] Platform:      win32
[debug] [2024-03-11T22:32:25.670Z] Node Version:  v20.11.0
[debug] [2024-03-11T22:32:25.670Z] Time:          Mon Mar 11 2024 15:32:25 GMT-0700 (Pacific Daylight Time)
[debug] [2024-03-11T22:32:25.670Z] ----------------------------------------------------------------------
[debug] 
[debug] [2024-03-11T22:32:25.745Z] > command requires scopes: ["email","openid","https://www.googleapis.com/auth/cloudplatformprojects.readonly","https://www.googleapis.com/auth/firebase","https://www.googleapis.com/auth/cloud-platform"]
[debug] [2024-03-11T22:32:25.745Z] > authorizing via signed-in user (joshrules18@gmail.com)
[debug] [2024-03-11T22:32:25.745Z] [iam] checking project levelution-28ac2 for permissions ["cloudfunctions.functions.create","cloudfunctions.functions.delete","cloudfunctions.functions.get","cloudfunctions.functions.list","cloudfunctions.functions.update","cloudfunctions.operations.get","firebase.projects.get"]
[debug] [2024-03-11T22:32:25.748Z] >>> [apiv2][query] POST https://cloudresourcemanager.googleapis.com/v1/projects/levelution-28ac2:testIamPermissions [none]
[debug] [2024-03-11T22:32:25.748Z] >>> [apiv2][(partial)header] POST https://cloudresourcemanager.googleapis.com/v1/projects/levelution-28ac2:testIamPermissions x-goog-quota-user=projects/levelution-28ac2
[debug] [2024-03-11T22:32:25.748Z] >>> [apiv2][body] POST https://cloudresourcemanager.googleapis.com/v1/projects/levelution-28ac2:testIamPermissions {"permissions":["cloudfunctions.functions.create","cloudfunctions.functions.delete","cloudfunctions.functions.get","cloudfunctions.functions.list","cloudfunctions.functions.update","cloudfunctions.operations.get","firebase.projects.get"]}
[debug] [2024-03-11T22:32:26.022Z] <<< [apiv2][status] POST https://cloudresourcemanager.googleapis.com/v1/projects/levelution-28ac2:testIamPermissions 200
[debug] [2024-03-11T22:32:26.023Z] <<< [apiv2][body] POST https://cloudresourcemanager.googleapis.com/v1/projects/levelution-28ac2:testIamPermissions {"permissions":["cloudfunctions.functions.create","cloudfunctions.functions.delete","cloudfunctions.functions.get","cloudfunctions.functions.list","cloudfunctions.functions.update","cloudfunctions.operations.get","firebase.projects.get"]}
[debug] [2024-03-11T22:32:26.023Z] >>> [apiv2][query] POST https://iam.googleapis.com/v1/projects/levelution-28ac2/serviceAccounts/levelution-28ac2@appspot.gserviceaccount.com:testIamPermissions [none]
[debug] [2024-03-11T22:32:26.023Z] >>> [apiv2][body] POST https://iam.googleapis.com/v1/projects/levelution-28ac2/serviceAccounts/levelution-28ac2@appspot.gserviceaccount.com:testIamPermissions {"permissions":["iam.serviceAccounts.actAs"]}
[debug] [2024-03-11T22:32:26.308Z] <<< [apiv2][status] POST https://iam.googleapis.com/v1/projects/levelution-28ac2/serviceAccounts/levelution-28ac2@appspot.gserviceaccount.com:testIamPermissions 200
[debug] [2024-03-11T22:32:26.308Z] <<< [apiv2][body] POST https://iam.googleapis.com/v1/projects/levelution-28ac2/serviceAccounts/levelution-28ac2@appspot.gserviceaccount.com:testIamPermissions {"permissions":["iam.serviceAccounts.actAs"]}
[info] 
[info] === Deploying to 'levelution-28ac2'...
[info] 
[info] i  deploying functions 
[debug] [2024-03-11T22:32:26.311Z] >>> [apiv2][query] GET https://firebase.googleapis.com/v1beta1/projects/levelution-28ac2 [none]
[debug] [2024-03-11T22:32:26.805Z] <<< [apiv2][status] GET https://firebase.googleapis.com/v1beta1/projects/levelution-28ac2 200
[debug] [2024-03-11T22:32:26.805Z] <<< [apiv2][body] GET https://firebase.googleapis.com/v1beta1/projects/levelution-28ac2 {"projectId":"levelution-28ac2","projectNumber":"53247704751","displayName":"levelution","name":"projects/levelution-28ac2","resources":{"hostingSite":"levelution-28ac2","realtimeDatabaseInstance":"levelution-28ac2-default-rtdb"},"state":"ACTIVE","etag":"1_3bd3f3e7-218f-4060-8d44-7f7b1b83ef67"}
[info] i  functions: preparing codebase default for deployment 
[info] i  functions: ensuring required API cloudfunctions.googleapis.com is enabled... 
[info] i  functions: ensuring required API cloudbuild.googleapis.com is enabled... 
[info] i  artifactregistry: ensuring required API artifactregistry.googleapis.com is enabled... 
[debug] [2024-03-11T22:32:26.807Z] >>> [apiv2][query] GET https://serviceusage.googleapis.com/v1/projects/levelution-28ac2/services/cloudfunctions.googleapis.com [none]
[debug] [2024-03-11T22:32:26.807Z] >>> [apiv2][(partial)header] GET https://serviceusage.googleapis.com/v1/projects/levelution-28ac2/services/cloudfunctions.googleapis.com x-goog-quota-user=projects/levelution-28ac2
[debug] [2024-03-11T22:32:26.808Z] >>> [apiv2][query] GET https://serviceusage.googleapis.com/v1/projects/levelution-28ac2/services/runtimeconfig.googleapis.com [none]
[debug] [2024-03-11T22:32:26.808Z] >>> [apiv2][(partial)header] GET https://serviceusage.googleapis.com/v1/projects/levelution-28ac2/services/runtimeconfig.googleapis.com x-goog-quota-user=projects/levelution-28ac2
[debug] [2024-03-11T22:32:26.809Z] >>> [apiv2][query] GET https://serviceusage.googleapis.com/v1/projects/levelution-28ac2/services/cloudbuild.googleapis.com [none]
[debug] [2024-03-11T22:32:26.809Z] >>> [apiv2][(partial)header] GET https://serviceusage.googleapis.com/v1/projects/levelution-28ac2/services/cloudbuild.googleapis.com x-goog-quota-user=projects/levelution-28ac2
[debug] [2024-03-11T22:32:26.809Z] >>> [apiv2][query] GET https://serviceusage.googleapis.com/v1/projects/levelution-28ac2/services/artifactregistry.googleapis.com [none]
[debug] [2024-03-11T22:32:26.810Z] >>> [apiv2][(partial)header] GET https://serviceusage.googleapis.com/v1/projects/levelution-28ac2/services/artifactregistry.googleapis.com x-goog-quota-user=projects/levelution-28ac2
[debug] [2024-03-11T22:32:27.303Z] <<< [apiv2][status] GET https://serviceusage.googleapis.com/v1/projects/levelution-28ac2/services/runtimeconfig.googleapis.com 200
[debug] [2024-03-11T22:32:27.303Z] <<< [apiv2][body] GET https://serviceusage.googleapis.com/v1/projects/levelution-28ac2/services/runtimeconfig.googleapis.com [omitted]
[debug] [2024-03-11T22:32:27.304Z] <<< [apiv2][status] GET https://serviceusage.googleapis.com/v1/projects/levelution-28ac2/services/cloudfunctions.googleapis.com 200
[debug] [2024-03-11T22:32:27.304Z] <<< [apiv2][body] GET https://serviceusage.googleapis.com/v1/projects/levelution-28ac2/services/cloudfunctions.googleapis.com [omitted]
[info] +  functions: required API cloudfunctions.googleapis.com is enabled 
[debug] [2024-03-11T22:32:27.304Z] <<< [apiv2][status] GET https://serviceusage.googleapis.com/v1/projects/levelution-28ac2/services/cloudbuild.googleapis.com 200
[debug] [2024-03-11T22:32:27.305Z] <<< [apiv2][body] GET https://serviceusage.googleapis.com/v1/projects/levelution-28ac2/services/cloudbuild.googleapis.com [omitted]
[info] +  functions: required API cloudbuild.googleapis.com is enabled 
[debug] [2024-03-11T22:32:27.762Z] <<< [apiv2][status] GET https://serviceusage.googleapis.com/v1/projects/levelution-28ac2/services/artifactregistry.googleapis.com 200
[debug] [2024-03-11T22:32:27.763Z] <<< [apiv2][body] GET https://serviceusage.googleapis.com/v1/projects/levelution-28ac2/services/artifactregistry.googleapis.com [omitted]
[info] +  artifactregistry: required API artifactregistry.googleapis.com is enabled 
[debug] [2024-03-11T22:32:27.763Z] >>> [apiv2][query] GET https://firebase.googleapis.com/v1beta1/projects/levelution-28ac2/adminSdkConfig [none]
[debug] [2024-03-11T22:32:28.086Z] <<< [apiv2][status] GET https://firebase.googleapis.com/v1beta1/projects/levelution-28ac2/adminSdkConfig 200
[debug] [2024-03-11T22:32:28.086Z] <<< [apiv2][body] GET https://firebase.googleapis.com/v1beta1/projects/levelution-28ac2/adminSdkConfig {"projectId":"levelution-28ac2","databaseURL":"https://levelution-28ac2-default-rtdb.firebaseio.com","storageBucket":"levelution-28ac2.appspot.com"}
[debug] [2024-03-11T22:32:28.086Z] >>> [apiv2][query] GET https://runtimeconfig.googleapis.com/v1beta1/projects/levelution-28ac2/configs [none]
[debug] [2024-03-11T22:32:28.419Z] <<< [apiv2][status] GET https://runtimeconfig.googleapis.com/v1beta1/projects/levelution-28ac2/configs 200
[debug] [2024-03-11T22:32:28.419Z] <<< [apiv2][body] GET https://runtimeconfig.googleapis.com/v1beta1/projects/levelution-28ac2/configs {}
[debug] [2024-03-11T22:32:28.420Z] Customer code is not Node
[debug] [2024-03-11T22:32:28.420Z] Validating python source
[debug] [2024-03-11T22:32:28.420Z] Building python source
[info] i  functions: Loading and analyzing source code for codebase default to determine what to deploy 
[debug] [2024-03-11T22:32:28.421Z] Could not find functions.yaml. Must use http discovery
[debug] [2024-03-11T22:32:28.433Z] Running command with virtualenv: command="D:\joshr\Desktop\CPSC 491\levelution\functions\venv\Scripts\activate.bat", args=["","&&","python.exe","-c","\"import firebase_functions; import os; print(os.path.dirname(firebase_functions.__file__))\""]
[debug] [2024-03-11T22:32:28.542Z] stdout: D:\joshr\Desktop\CPSC 491\levelution\functions\venv\Lib\site-packages\firebase_functions

[debug] [2024-03-11T22:32:28.548Z] Running admin server with args: ["python.exe","\"D:\\joshr\\Desktop\\CPSC 491\\levelution\\functions\\venv\\Lib\\site-packages\\firebase_functions\\private\\serving.py\""] and env: {"FIREBASE_CONFIG":"{\"projectId\":\"levelution-28ac2\",\"databaseURL\":\"https://levelution-28ac2-default-rtdb.firebaseio.com\",\"storageBucket\":\"levelution-28ac2.appspot.com\"}","GCLOUD_PROJECT":"levelution-28ac2","GOOGLE_CLOUD_QUOTA_PROJECT":"levelution-28ac2","ADMIN_PORT":"8081"} in D:\joshr\Desktop\CPSC 491\levelution\functions
[debug] [2024-03-11T22:32:28.548Z] Running command with virtualenv: command="D:\joshr\Desktop\CPSC 491\levelution\functions\venv\Scripts\activate.bat", args=["","&&","python.exe","\"D:\\joshr\\Desktop\\CPSC 491\\levelution\\functions\\venv\\Lib\\site-packages\\firebase_functions\\private\\serving.py\""]
[info]  * Serving Flask app 'serving'
 * Debug mode: off

[error] WARNING: This is a development server. Do not use it in a production deployment. Use a production WSGI server instead.
 * Running on http://127.0.0.1:8081

[error] Press CTRL+C to quit

[error] 127.0.0.1 - - [11/Mar/2024 15:32:29] "GET /__/functions.yaml HTTP/1.1" 200 -

[debug] [2024-03-11T22:32:29.343Z] Got response from /__/functions.yaml endpoints:
  fetch_and_store_data:
    availableMemoryMb: null
    concurrency: null
    entryPoint: fetch_and_store_data
    eventTrigger:
      eventFilterPathPatterns:
        instance: '*'
        ref: users/{email}/keys
      eventFilters: {}
      eventType: google.firebase.database.ref.v1.written
      retry: false
    ingressSettings: null
    labels: {}
    maxInstances: null
    minInstances: null
    platform: gcfv2
    secretEnvironmentVariables: []
    serviceAccountEmail: null
    timeoutSeconds: null
  trigger_cloud_function:
    availableMemoryMb: null
    concurrency: null
    entryPoint: trigger_cloud_function
    ingressSettings: null
    labels: {}
    maxInstances: null
    minInstances: null
    platform: gcfv2
    scheduleTrigger:
      retryConfig: {}
      schedule: every 5 minutes
    secretEnvironmentVariables: []
    serviceAccountEmail: null
    timeoutSeconds: null
params: []
requiredAPIs:
- api: cloudscheduler.googleapis.com
  reason: Needed for scheduled functions.
specVersion: v1alpha1

[error] 127.0.0.1 - - [11/Mar/2024 15:32:29] "GET /__/quitquitquit HTTP/1.1" 200 -

[info] i  functions: preparing functions directory for uploading... 
[info] i  functions: packaged D:\joshr\Desktop\CPSC 491\levelution\functions (3.13 KB) for uploading 
[debug] [2024-03-11T22:32:29.387Z] >>> [apiv2][query] GET https://cloudfunctions.googleapis.com/v1/projects/levelution-28ac2/locations/-/functions [none]
[debug] [2024-03-11T22:32:30.034Z] <<< [apiv2][status] GET https://cloudfunctions.googleapis.com/v1/projects/levelution-28ac2/locations/-/functions 200
[debug] [2024-03-11T22:32:30.034Z] <<< [apiv2][body] GET https://cloudfunctions.googleapis.com/v1/projects/levelution-28ac2/locations/-/functions {}
[debug] [2024-03-11T22:32:30.035Z] >>> [apiv2][query] GET https://cloudfunctions.googleapis.com/v2/projects/levelution-28ac2/locations/-/functions filter=environment%3D%22GEN_2%22
[debug] [2024-03-11T22:32:30.530Z] <<< [apiv2][status] GET https://cloudfunctions.googleapis.com/v2/projects/levelution-28ac2/locations/-/functions 200
[debug] [2024-03-11T22:32:30.530Z] <<< [apiv2][body] GET https://cloudfunctions.googleapis.com/v2/projects/levelution-28ac2/locations/-/functions {"functions":[{"name":"projects/levelution-28ac2/locations/us-central1/functions/trigger_cloud_function","buildConfig":{"build":"projects/53247704751/locations/us-central1/builds/fc633aa7-6fa0-4c64-9f42-5a1d16231307","runtime":"python312","entryPoint":"trigger_cloud_function","source":{"storageSource":{"bucket":"gcf-v2-sources-53247704751-us-central1","object":"trigger_cloud_function/function-source.zip","generation":"1710195866616046"}},"environmentVariables":{"GOOGLE_NODE_RUN_SCRIPTS":""},"dockerRepository":"projects/levelution-28ac2/locations/us-central1/repositories/gcf-artifacts","sourceProvenance":{"resolvedStorageSource":{"bucket":"gcf-v2-sources-53247704751-us-central1","object":"trigger_cloud_function/function-source.zip","generation":"1710195866616046"}},"dockerRegistry":"ARTIFACT_REGISTRY"},"serviceConfig":{"service":"projects/levelution-28ac2/locations/us-central1/services/trigger-cloud-function","timeoutSeconds":60,"environmentVariables":{"FIREBASE_CONFIG":"{\"projectId\":\"levelution-28ac2\",\"databaseURL\":\"https://levelution-28ac2-default-rtdb.firebaseio.com\",\"storageBucket\":\"levelution-28ac2.appspot.com\"}","GCLOUD_PROJECT":"levelution-28ac2","EVENTARC_CLOUD_EVENT_SOURCE":"projects/levelution-28ac2/locations/us-central1/services/trigger_cloud_function","FUNCTION_TARGET":"trigger_cloud_function","FUNCTION_SIGNATURE_TYPE":"http"},"maxInstanceCount":3,"ingressSettings":"ALLOW_ALL","uri":"https://trigger-cloud-function-qrigxp4rca-uc.a.run.app","serviceAccountEmail":"53247704751-compute@developer.gserviceaccount.com","availableMemory":"256Mi","allTrafficOnLatestRevision":true,"revision":"trigger-cloud-function-00002-kab","maxInstanceRequestConcurrency":80,"availableCpu":"1"},"state":"ACTIVE","updateTime":"2024-03-11T22:24:34.892783216Z","labels":{"deployment-scheduled":"true","firebase-functions-hash":"84078a55d818a07be5e2cb10e32e261020119b4e","deployment-tool":"cli-firebase"},"environment":"GEN_2","url":"https://us-central1-levelution-28ac2.cloudfunctions.net/trigger_cloud_function","createTime":"2024-03-11T22:06:29.969192974Z"},{"name":"projects/levelution-28ac2/locations/us-central1/functions/fetch_and_store_data","buildConfig":{"build":"projects/53247704751/locations/us-central1/builds/fc633aa7-6fa0-4c64-9f42-5a1d16231307","runtime":"python312","entryPoint":"fetch_and_store_data","source":{"storageSource":{"bucket":"gcf-v2-sources-53247704751-us-central1","object":"fetch_and_store_data/function-source.zip","generation":"1710195785239600"}},"environmentVariables":{"GOOGLE_NODE_RUN_SCRIPTS":""},"dockerRepository":"projects/levelution-28ac2/locations/us-central1/repositories/gcf-artifacts","sourceProvenance":{"resolvedStorageSource":{"bucket":"gcf-v2-sources-53247704751-us-central1","object":"fetch_and_store_data/function-source.zip","generation":"1710195785239600"}},"dockerRegistry":"ARTIFACT_REGISTRY"},"serviceConfig":{"service":"projects/levelution-28ac2/locations/us-central1/services/fetch-and-store-data","timeoutSeconds":60,"environmentVariables":{"FIREBASE_CONFIG":"{\"projectId\":\"levelution-28ac2\",\"databaseURL\":\"https://levelution-28ac2-default-rtdb.firebaseio.com\",\"storageBucket\":\"levelution-28ac2.appspot.com\"}","GCLOUD_PROJECT":"levelution-28ac2","EVENTARC_CLOUD_EVENT_SOURCE":"projects/levelution-28ac2/locations/us-central1/services/fetch_and_store_data","FUNCTION_SIGNATURE_TYPE":"cloudevent","FUNCTION_TARGET":"fetch_and_store_data"},"maxInstanceCount":3,"ingressSettings":"ALLOW_ALL","uri":"https://fetch-and-store-data-qrigxp4rca-uc.a.run.app","serviceAccountEmail":"53247704751-compute@developer.gserviceaccount.com","availableMemory":"256Mi","allTrafficOnLatestRevision":true,"revision":"fetch-and-store-data-00002-qad","maxInstanceRequestConcurrency":80,"availableCpu":"1"},"eventTrigger":{"trigger":"projects/levelution-28ac2/locations/us-central1/triggers/fetch-and-store-data-161836","triggerRegion":"us-central1","eventType":"google.firebase.database.ref.v1.written","eventFilters":[{"attribute":"ref","value":"users/{email}/keys","operator":"match-path-pattern"},{"attribute":"instance","value":"*","operator":"match-path-pattern"}],"pubsubTopic":"projects/levelution-28ac2/topics/eventarc-us-central1-fetch-and-store-data-161836-125","serviceAccountEmail":"53247704751-compute@developer.gserviceaccount.com","retryPolicy":"RETRY_POLICY_DO_NOT_RETRY"},"state":"ACTIVE","updateTime":"2024-03-11T22:24:34.817626054Z","labels":{"deployment-tool":"cli-firebase","firebase-functions-hash":"84078a55d818a07be5e2cb10e32e261020119b4e"},"environment":"GEN_2","url":"https://us-central1-levelution-28ac2.cloudfunctions.net/fetch_and_store_data","createTime":"2024-03-11T22:17:42.261226860Z"}]}
[info] i  functions: ensuring required API cloudscheduler.googleapis.com is enabled... 
[debug] [2024-03-11T22:32:30.533Z] >>> [apiv2][query] GET https://serviceusage.googleapis.com/v1/projects/levelution-28ac2/services/cloudscheduler.googleapis.com [none]
[debug] [2024-03-11T22:32:30.533Z] >>> [apiv2][(partial)header] GET https://serviceusage.googleapis.com/v1/projects/levelution-28ac2/services/cloudscheduler.googleapis.com x-goog-quota-user=projects/levelution-28ac2
[debug] [2024-03-11T22:32:30.844Z] <<< [apiv2][status] GET https://serviceusage.googleapis.com/v1/projects/levelution-28ac2/services/cloudscheduler.googleapis.com 200
[debug] [2024-03-11T22:32:30.844Z] <<< [apiv2][body] GET https://serviceusage.googleapis.com/v1/projects/levelution-28ac2/services/cloudscheduler.googleapis.com [omitted]
[info] +  functions: required API cloudscheduler.googleapis.com is enabled 
[info] i  functions: ensuring required API run.googleapis.com is enabled... 
[info] i  functions: ensuring required API eventarc.googleapis.com is enabled... 
[info] i  functions: ensuring required API pubsub.googleapis.com is enabled... 
[info] i  functions: ensuring required API storage.googleapis.com is enabled... 
[debug] [2024-03-11T22:32:30.846Z] >>> [apiv2][query] GET https://serviceusage.googleapis.com/v1/projects/levelution-28ac2/services/run.googleapis.com [none]
[debug] [2024-03-11T22:32:30.846Z] >>> [apiv2][(partial)header] GET https://serviceusage.googleapis.com/v1/projects/levelution-28ac2/services/run.googleapis.com x-goog-quota-user=projects/levelution-28ac2
[debug] [2024-03-11T22:32:30.846Z] >>> [apiv2][query] GET https://serviceusage.googleapis.com/v1/projects/levelution-28ac2/services/eventarc.googleapis.com [none]
[debug] [2024-03-11T22:32:30.846Z] >>> [apiv2][(partial)header] GET https://serviceusage.googleapis.com/v1/projects/levelution-28ac2/services/eventarc.googleapis.com x-goog-quota-user=projects/levelution-28ac2
[debug] [2024-03-11T22:32:30.846Z] >>> [apiv2][query] GET https://serviceusage.googleapis.com/v1/projects/levelution-28ac2/services/pubsub.googleapis.com [none]
[debug] [2024-03-11T22:32:30.846Z] >>> [apiv2][(partial)header] GET https://serviceusage.googleapis.com/v1/projects/levelution-28ac2/services/pubsub.googleapis.com x-goog-quota-user=projects/levelution-28ac2
[debug] [2024-03-11T22:32:30.846Z] >>> [apiv2][query] GET https://serviceusage.googleapis.com/v1/projects/levelution-28ac2/services/storage.googleapis.com [none]
[debug] [2024-03-11T22:32:30.846Z] >>> [apiv2][(partial)header] GET https://serviceusage.googleapis.com/v1/projects/levelution-28ac2/services/storage.googleapis.com x-goog-quota-user=projects/levelution-28ac2
[debug] [2024-03-11T22:32:31.142Z] <<< [apiv2][status] GET https://serviceusage.googleapis.com/v1/projects/levelution-28ac2/services/eventarc.googleapis.com 200
[debug] [2024-03-11T22:32:31.142Z] <<< [apiv2][body] GET https://serviceusage.googleapis.com/v1/projects/levelution-28ac2/services/eventarc.googleapis.com [omitted]
[info] +  functions: required API eventarc.googleapis.com is enabled 
[debug] [2024-03-11T22:32:31.154Z] <<< [apiv2][status] GET https://serviceusage.googleapis.com/v1/projects/levelution-28ac2/services/pubsub.googleapis.com 200
[debug] [2024-03-11T22:32:31.154Z] <<< [apiv2][body] GET https://serviceusage.googleapis.com/v1/projects/levelution-28ac2/services/pubsub.googleapis.com [omitted]
[info] +  functions: required API pubsub.googleapis.com is enabled 
[debug] [2024-03-11T22:32:31.177Z] <<< [apiv2][status] GET https://serviceusage.googleapis.com/v1/projects/levelution-28ac2/services/storage.googleapis.com 200
[debug] [2024-03-11T22:32:31.177Z] <<< [apiv2][body] GET https://serviceusage.googleapis.com/v1/projects/levelution-28ac2/services/storage.googleapis.com [omitted]
[info] +  functions: required API storage.googleapis.com is enabled 
[debug] [2024-03-11T22:32:32.734Z] <<< [apiv2][status] GET https://serviceusage.googleapis.com/v1/projects/levelution-28ac2/services/run.googleapis.com 200
[debug] [2024-03-11T22:32:32.734Z] <<< [apiv2][body] GET https://serviceusage.googleapis.com/v1/projects/levelution-28ac2/services/run.googleapis.com [omitted]
[info] +  functions: required API run.googleapis.com is enabled 
[info] i  functions: generating the service identity for pubsub.googleapis.com... 
[info] i  functions: generating the service identity for eventarc.googleapis.com... 
[debug] [2024-03-11T22:32:32.735Z] >>> [apiv2][query] POST https://serviceusage.googleapis.com/v1beta1/projects/53247704751/services/pubsub.googleapis.com:generateServiceIdentity [none]
[debug] [2024-03-11T22:32:32.735Z] >>> [apiv2][query] POST https://serviceusage.googleapis.com/v1beta1/projects/53247704751/services/eventarc.googleapis.com:generateServiceIdentity [none]
[debug] [2024-03-11T22:32:33.133Z] <<< [apiv2][status] POST https://serviceusage.googleapis.com/v1beta1/projects/53247704751/services/pubsub.googleapis.com:generateServiceIdentity 200
[debug] [2024-03-11T22:32:33.133Z] <<< [apiv2][body] POST https://serviceusage.googleapis.com/v1beta1/projects/53247704751/services/pubsub.googleapis.com:generateServiceIdentity {"name":"operations/finished.DONE_OPERATION","done":true,"response":{"@type":"type.googleapis.com/google.api.serviceusage.v1beta1.ServiceIdentity","email":"service-53247704751@gcp-sa-pubsub.iam.gserviceaccount.com","uniqueId":"108269683675495949161"}}
[debug] [2024-03-11T22:32:33.189Z] <<< [apiv2][status] POST https://serviceusage.googleapis.com/v1beta1/projects/53247704751/services/eventarc.googleapis.com:generateServiceIdentity 200
[debug] [2024-03-11T22:32:33.189Z] <<< [apiv2][body] POST https://serviceusage.googleapis.com/v1beta1/projects/53247704751/services/eventarc.googleapis.com:generateServiceIdentity {"name":"operations/finished.DONE_OPERATION","done":true,"response":{"@type":"type.googleapis.com/google.api.serviceusage.v1beta1.ServiceIdentity","email":"service-53247704751@gcp-sa-eventarc.iam.gserviceaccount.com","uniqueId":"113098466594433481671"}}
[debug] [2024-03-11T22:32:33.190Z] >>> [apiv2][query] GET https://firebase.googleapis.com/v1beta1/projects/levelution-28ac2 [none]
[debug] [2024-03-11T22:32:33.561Z] <<< [apiv2][status] GET https://firebase.googleapis.com/v1beta1/projects/levelution-28ac2 200
[debug] [2024-03-11T22:32:33.561Z] <<< [apiv2][body] GET https://firebase.googleapis.com/v1beta1/projects/levelution-28ac2 {"projectId":"levelution-28ac2","projectNumber":"53247704751","displayName":"levelution","name":"projects/levelution-28ac2","resources":{"hostingSite":"levelution-28ac2","realtimeDatabaseInstance":"levelution-28ac2-default-rtdb"},"state":"ACTIVE","etag":"1_3bd3f3e7-218f-4060-8d44-7f7b1b83ef67"}
[debug] [2024-03-11T22:32:33.562Z] >>> [apiv2][query] POST https://cloudfunctions.googleapis.com/v2/projects/levelution-28ac2/locations/us-central1/functions:generateUploadUrl [none]
[debug] [2024-03-11T22:32:33.938Z] <<< [apiv2][status] POST https://cloudfunctions.googleapis.com/v2/projects/levelution-28ac2/locations/us-central1/functions:generateUploadUrl 200
[debug] [2024-03-11T22:32:33.938Z] <<< [apiv2][body] POST https://cloudfunctions.googleapis.com/v2/projects/levelution-28ac2/locations/us-central1/functions:generateUploadUrl {"uploadUrl":"https://storage.googleapis.com/gcf-v2-uploads-53247704751-us-central1/7c28b6e0-b560-45f9-8094-92a43c411837.zip?GoogleAccessId=service-53247704751@gcf-admin-robot.iam.gserviceaccount.com&Expires=1710198155&Signature=U5q%2FLHryTg7QzelhM2XxZik44hHoil%2F5mgQZUnqD4HdDSTF%2FkuNbimfgo29PuEwJ1VYs4CE5SNCiX94fzFasd6jMnVvuaSNk8JwdFtW6CjiJR5261NzVxRLF34%2B5tYR7XRhI5J8bA4MOqfAMLNLdo7sdIqfjkySgc%2Bjek0oN76hXa8x%2F3ZdVRt3vuJRm%2ByrDXeZSeuKRwDZS4TdVH2Bz1VD5Dn0z%2BHH5Tfk647iwSS8efAieReMol9HUpaitbEfMw3Ovo7oSCixyG1AGKUh1WNq3spoqczPd8%2F%2BHfsM6lnk2fahJJ2r%2FehyNgcbk552qghOlfIASQDPPLOeYzAA8JA%3D%3D","storageSource":{"bucket":"gcf-v2-uploads-53247704751-us-central1","object":"7c28b6e0-b560-45f9-8094-92a43c411837.zip"}}
[debug] [2024-03-11T22:32:33.939Z] >>> [apiv2][query] PUT https://storage.googleapis.com/gcf-v2-uploads-53247704751-us-central1/7c28b6e0-b560-45f9-8094-92a43c411837.zip GoogleAccessId=service-53247704751%40gcf-admin-robot.iam.gserviceaccount.com&Expires=1710198155&Signature=U5q%2FLHryTg7QzelhM2XxZik44hHoil%2F5mgQZUnqD4HdDSTF%2FkuNbimfgo29PuEwJ1VYs4CE5SNCiX94fzFasd6jMnVvuaSNk8JwdFtW6CjiJR5261NzVxRLF34%2B5tYR7XRhI5J8bA4MOqfAMLNLdo7sdIqfjkySgc%2Bjek0oN76hXa8x%2F3ZdVRt3vuJRm%2ByrDXeZSeuKRwDZS4TdVH2Bz1VD5Dn0z%2BHH5Tfk647iwSS8efAieReMol9HUpaitbEfMw3Ovo7oSCixyG1AGKUh1WNq3spoqczPd8%2F%2BHfsM6lnk2fahJJ2r%2FehyNgcbk552qghOlfIASQDPPLOeYzAA8JA%3D%3D
[debug] [2024-03-11T22:32:33.939Z] >>> [apiv2][body] PUT https://storage.googleapis.com/gcf-v2-uploads-53247704751-us-central1/7c28b6e0-b560-45f9-8094-92a43c411837.zip [stream]
[debug] [2024-03-11T22:32:34.246Z] <<< [apiv2][status] PUT https://storage.googleapis.com/gcf-v2-uploads-53247704751-us-central1/7c28b6e0-b560-45f9-8094-92a43c411837.zip 200
[debug] [2024-03-11T22:32:34.246Z] <<< [apiv2][body] PUT https://storage.googleapis.com/gcf-v2-uploads-53247704751-us-central1/7c28b6e0-b560-45f9-8094-92a43c411837.zip [omitted]
[info] +  functions: functions folder uploaded successfully 
[info] i  functions: updating Python 3.12 (2nd Gen) function fetch_and_store_data(us-central1)... 
[info] i  functions: updating Python 3.12 (2nd Gen) function trigger_cloud_function(us-central1)... 
[debug] [2024-03-11T22:32:34.251Z] >>> [apiv2][query] PATCH https://cloudfunctions.googleapis.com/v2/projects/levelution-28ac2/locations/us-central1/functions/fetch_and_store_data updateMask=name%2CbuildConfig.runtime%2CbuildConfig.entryPoint%2CbuildConfig.source.storageSource.bucket%2CbuildConfig.source.storageSource.object%2CbuildConfig.environmentVariables%2CbuildConfig.sourceToken%2CserviceConfig.environmentVariables%2CserviceConfig.secretEnvironmentVariables%2CserviceConfig.ingressSettings%2CserviceConfig.timeoutSeconds%2CserviceConfig.serviceAccountEmail%2CserviceConfig.availableMemory%2CserviceConfig.minInstanceCount%2CserviceConfig.maxInstanceCount%2CserviceConfig.maxInstanceRequestConcurrency%2CserviceConfig.availableCpu%2Clabels%2CeventTrigger.eventType%2CeventTrigger.retryPolicy%2CeventTrigger.eventFilters%2CeventTrigger.triggerRegion%2CbuildConfig.buildEnvironmentVariables
[debug] [2024-03-11T22:32:34.251Z] >>> [apiv2][body] PATCH https://cloudfunctions.googleapis.com/v2/projects/levelution-28ac2/locations/us-central1/functions/fetch_and_store_data {"name":"projects/levelution-28ac2/locations/us-central1/functions/fetch_and_store_data","buildConfig":{"runtime":"python312","entryPoint":"fetch_and_store_data","source":{"storageSource":{"bucket":"gcf-v2-uploads-53247704751-us-central1","object":"7c28b6e0-b560-45f9-8094-92a43c411837.zip"}},"environmentVariables":{"GOOGLE_NODE_RUN_SCRIPTS":""}},"serviceConfig":{"environmentVariables":{"FIREBASE_CONFIG":"{\"projectId\":\"levelution-28ac2\",\"databaseURL\":\"https://levelution-28ac2-default-rtdb.firebaseio.com\",\"storageBucket\":\"levelution-28ac2.appspot.com\"}","GCLOUD_PROJECT":"levelution-28ac2","EVENTARC_CLOUD_EVENT_SOURCE":"projects/levelution-28ac2/locations/us-central1/services/fetch_and_store_data","FUNCTION_SIGNATURE_TYPE":"cloudevent","FUNCTION_TARGET":"fetch_and_store_data"},"secretEnvironmentVariables":[],"ingressSettings":null,"timeoutSeconds":null,"serviceAccountEmail":null,"availableMemory":"256Mi","minInstanceCount":null,"maxInstanceCount":null,"maxInstanceRequestConcurrency":80,"availableCpu":"1"},"labels":{"deployment-tool":"cli-firebase","firebase-functions-hash":"ec79eb850a228eb4fcd4f27abdcaa564a67d0264"},"eventTrigger":{"eventType":"google.firebase.database.ref.v1.written","retryPolicy":"RETRY_POLICY_DO_NOT_RETRY","eventFilters":[{"attribute":"instance","value":"*","operator":"match-path-pattern"},{"attribute":"ref","value":"users/{email}/keys","operator":"match-path-pattern"}],"triggerRegion":"us-central1"}}
[debug] [2024-03-11T22:32:35.452Z] <<< [apiv2][status] PATCH https://cloudfunctions.googleapis.com/v2/projects/levelution-28ac2/locations/us-central1/functions/fetch_and_store_data 200
[debug] [2024-03-11T22:32:35.452Z] <<< [apiv2][body] PATCH https://cloudfunctions.googleapis.com/v2/projects/levelution-28ac2/locations/us-central1/functions/fetch_and_store_data {"name":"projects/levelution-28ac2/locations/us-central1/operations/operation-1710196356305-6136a1e505080-af6b145b-6810b9d9","metadata":{"@type":"type.googleapis.com/google.cloud.functions.v2.OperationMetadata","createTime":"2024-03-11T22:32:37.173620941Z","target":"projects/levelution-28ac2/locations/us-central1/functions/fetch_and_store_data","verb":"update","cancelRequested":false,"apiVersion":"v2"},"done":false}
[debug] [2024-03-11T22:32:35.453Z] >>> [apiv2][query] GET https://cloudfunctions.googleapis.com/v2/projects/levelution-28ac2/locations/us-central1/operations/operation-1710196356305-6136a1e505080-af6b145b-6810b9d9 [none]
[debug] [2024-03-11T22:32:35.751Z] <<< [apiv2][status] GET https://cloudfunctions.googleapis.com/v2/projects/levelution-28ac2/locations/us-central1/operations/operation-1710196356305-6136a1e505080-af6b145b-6810b9d9 200
[debug] [2024-03-11T22:32:35.752Z] <<< [apiv2][body] GET https://cloudfunctions.googleapis.com/v2/projects/levelution-28ac2/locations/us-central1/operations/operation-1710196356305-6136a1e505080-af6b145b-6810b9d9 {"name":"projects/levelution-28ac2/locations/us-central1/operations/operation-1710196356305-6136a1e505080-af6b145b-6810b9d9","metadata":{"@type":"type.googleapis.com/google.cloud.functions.v2.OperationMetadata","createTime":"2024-03-11T22:32:37.173620941Z","target":"projects/levelution-28ac2/locations/us-central1/functions/fetch_and_store_data","verb":"update","cancelRequested":false,"apiVersion":"v2","requestResource":{"@type":"type.googleapis.com/google.cloud.functions.v2.Function","name":"projects/levelution-28ac2/locations/us-central1/functions/fetch_and_store_data","buildConfig":{"runtime":"python312","entryPoint":"fetch_and_store_data","source":{"storageSource":{"bucket":"gcf-v2-sources-53247704751-us-central1","object":"fetch_and_store_data/function-source.zip","generation":"1710196357134439"}},"environmentVariables":{"GOOGLE_NODE_RUN_SCRIPTS":""},"dockerRepository":"projects/levelution-28ac2/locations/us-central1/repositories/gcf-artifacts","sourceProvenance":{"resolvedStorageSource":{"bucket":"gcf-v2-sources-53247704751-us-central1","object":"fetch_and_store_data/function-source.zip","generation":"1710195785239600"}},"dockerRegistry":"ARTIFACT_REGISTRY"},"serviceConfig":{"service":"projects/levelution-28ac2/locations/us-central1/services/fetch-and-store-data","timeoutSeconds":60,"environmentVariables":{"FIREBASE_CONFIG":"{\"projectId\":\"levelution-28ac2\",\"databaseURL\":\"https://levelution-28ac2-default-rtdb.firebaseio.com\",\"storageBucket\":\"levelution-28ac2.appspot.com\"}","GCLOUD_PROJECT":"levelution-28ac2","EVENTARC_CLOUD_EVENT_SOURCE":"projects/levelution-28ac2/locations/us-central1/services/fetch_and_store_data","FUNCTION_SIGNATURE_TYPE":"cloudevent","FUNCTION_TARGET":"fetch_and_store_data"},"ingressSettings":"ALLOW_ALL","uri":"https://fetch-and-store-data-qrigxp4rca-uc.a.run.app","serviceAccountEmail":"53247704751-compute@developer.gserviceaccount.com","availableMemory":"256Mi","allTrafficOnLatestRevision":true,"revision":"fetch-and-store-data-00002-qad","maxInstanceRequestConcurrency":80,"availableCpu":"1"},"eventTrigger":{"trigger":"projects/levelution-28ac2/locations/us-central1/triggers/fetch-and-store-data-161836","triggerRegion":"us-central1","eventType":"google.firebase.database.ref.v1.written","eventFilters":[{"attribute":"instance","value":"*","operator":"match-path-pattern"},{"attribute":"ref","value":"users/{email}/keys","operator":"match-path-pattern"}],"pubsubTopic":"projects/levelution-28ac2/topics/eventarc-us-central1-fetch-and-store-data-161836-125","serviceAccountEmail":"53247704751-compute@developer.gserviceaccount.com","retryPolicy":"RETRY_POLICY_DO_NOT_RETRY"},"state":"ACTIVE","labels":{"deployment-tool":"cli-firebase","firebase-functions-hash":"ec79eb850a228eb4fcd4f27abdcaa564a67d0264"},"environment":"GEN_2","url":"https://us-central1-levelution-28ac2.cloudfunctions.net/fetch_and_store_data"},"stages":[{"name":"BUILD","state":"NOT_STARTED"},{"name":"SERVICE","state":"NOT_STARTED"},{"name":"TRIGGER","state":"NOT_STARTED"}],"operationType":"UPDATE_FUNCTION"},"done":false}
[debug] [2024-03-11T22:32:36.261Z] [update-default-us-central1-fetch_and_store_data] Retrying task index 0
[debug] [2024-03-11T22:32:36.261Z] >>> [apiv2][query] GET https://cloudfunctions.googleapis.com/v2/projects/levelution-28ac2/locations/us-central1/operations/operation-1710196356305-6136a1e505080-af6b145b-6810b9d9 [none]
[debug] [2024-03-11T22:32:36.553Z] <<< [apiv2][status] GET https://cloudfunctions.googleapis.com/v2/projects/levelution-28ac2/locations/us-central1/operations/operation-1710196356305-6136a1e505080-af6b145b-6810b9d9 200
[debug] [2024-03-11T22:32:36.553Z] <<< [apiv2][body] GET https://cloudfunctions.googleapis.com/v2/projects/levelution-28ac2/locations/us-central1/operations/operation-1710196356305-6136a1e505080-af6b145b-6810b9d9 {"name":"projects/levelution-28ac2/locations/us-central1/operations/operation-1710196356305-6136a1e505080-af6b145b-6810b9d9","metadata":{"@type":"type.googleapis.com/google.cloud.functions.v2.OperationMetadata","createTime":"2024-03-11T22:32:37.173620941Z","target":"projects/levelution-28ac2/locations/us-central1/functions/fetch_and_store_data","verb":"update","cancelRequested":false,"apiVersion":"v2","requestResource":{"@type":"type.googleapis.com/google.cloud.functions.v2.Function","name":"projects/levelution-28ac2/locations/us-central1/functions/fetch_and_store_data","buildConfig":{"runtime":"python312","entryPoint":"fetch_and_store_data","source":{"storageSource":{"bucket":"gcf-v2-sources-53247704751-us-central1","object":"fetch_and_store_data/function-source.zip","generation":"1710196357134439"}},"environmentVariables":{"GOOGLE_NODE_RUN_SCRIPTS":""},"dockerRepository":"projects/levelution-28ac2/locations/us-central1/repositories/gcf-artifacts","sourceProvenance":{"resolvedStorageSource":{"bucket":"gcf-v2-sources-53247704751-us-central1","object":"fetch_and_store_data/function-source.zip","generation":"1710195785239600"}},"dockerRegistry":"ARTIFACT_REGISTRY"},"serviceConfig":{"service":"projects/levelution-28ac2/locations/us-central1/services/fetch-and-store-data","timeoutSeconds":60,"environmentVariables":{"FIREBASE_CONFIG":"{\"projectId\":\"levelution-28ac2\",\"databaseURL\":\"https://levelution-28ac2-default-rtdb.firebaseio.com\",\"storageBucket\":\"levelution-28ac2.appspot.com\"}","GCLOUD_PROJECT":"levelution-28ac2","EVENTARC_CLOUD_EVENT_SOURCE":"projects/levelution-28ac2/locations/us-central1/services/fetch_and_store_data","FUNCTION_SIGNATURE_TYPE":"cloudevent","FUNCTION_TARGET":"fetch_and_store_data"},"ingressSettings":"ALLOW_ALL","uri":"https://fetch-and-store-data-qrigxp4rca-uc.a.run.app","serviceAccountEmail":"53247704751-compute@developer.gserviceaccount.com","availableMemory":"256Mi","allTrafficOnLatestRevision":true,"revision":"fetch-and-store-data-00002-qad","maxInstanceRequestConcurrency":80,"availableCpu":"1"},"eventTrigger":{"trigger":"projects/levelution-28ac2/locations/us-central1/triggers/fetch-and-store-data-161836","triggerRegion":"us-central1","eventType":"google.firebase.database.ref.v1.written","eventFilters":[{"attribute":"instance","value":"*","operator":"match-path-pattern"},{"attribute":"ref","value":"users/{email}/keys","operator":"match-path-pattern"}],"pubsubTopic":"projects/levelution-28ac2/topics/eventarc-us-central1-fetch-and-store-data-161836-125","serviceAccountEmail":"53247704751-compute@developer.gserviceaccount.com","retryPolicy":"RETRY_POLICY_DO_NOT_RETRY"},"state":"ACTIVE","labels":{"deployment-tool":"cli-firebase","firebase-functions-hash":"ec79eb850a228eb4fcd4f27abdcaa564a67d0264"},"environment":"GEN_2","url":"https://us-central1-levelution-28ac2.cloudfunctions.net/fetch_and_store_data"},"stages":[{"name":"BUILD","message":"Build in progress","state":"IN_PROGRESS","resource":"projects/53247704751/locations/us-central1/builds/0fdd7167-5508-4582-9819-7299720d4211","resourceUri":"https://console.cloud.google.com/cloud-build/builds;region=us-central1/0fdd7167-5508-4582-9819-7299720d4211?project=53247704751"},{"name":"SERVICE","state":"NOT_STARTED"},{"name":"TRIGGER","state":"NOT_STARTED"}],"operationType":"UPDATE_FUNCTION"},"done":false}
[debug] [2024-03-11T22:32:37.556Z] [update-default-us-central1-fetch_and_store_data] Retrying task index 0
[debug] [2024-03-11T22:32:37.556Z] >>> [apiv2][query] GET https://cloudfunctions.googleapis.com/v2/projects/levelution-28ac2/locations/us-central1/operations/operation-1710196356305-6136a1e505080-af6b145b-6810b9d9 [none]
[debug] [2024-03-11T22:32:37.855Z] <<< [apiv2][status] GET https://cloudfunctions.googleapis.com/v2/projects/levelution-28ac2/locations/us-central1/operations/operation-1710196356305-6136a1e505080-af6b145b-6810b9d9 200
[debug] [2024-03-11T22:32:37.855Z] <<< [apiv2][body] GET https://cloudfunctions.googleapis.com/v2/projects/levelution-28ac2/locations/us-central1/operations/operation-1710196356305-6136a1e505080-af6b145b-6810b9d9 {"name":"projects/levelution-28ac2/locations/us-central1/operations/operation-1710196356305-6136a1e505080-af6b145b-6810b9d9","metadata":{"@type":"type.googleapis.com/google.cloud.functions.v2.OperationMetadata","createTime":"2024-03-11T22:32:37.173620941Z","target":"projects/levelution-28ac2/locations/us-central1/functions/fetch_and_store_data","verb":"update","cancelRequested":false,"apiVersion":"v2","requestResource":{"@type":"type.googleapis.com/google.cloud.functions.v2.Function","name":"projects/levelution-28ac2/locations/us-central1/functions/fetch_and_store_data","buildConfig":{"runtime":"python312","entryPoint":"fetch_and_store_data","source":{"storageSource":{"bucket":"gcf-v2-sources-53247704751-us-central1","object":"fetch_and_store_data/function-source.zip","generation":"1710196357134439"}},"environmentVariables":{"GOOGLE_NODE_RUN_SCRIPTS":""},"dockerRepository":"projects/levelution-28ac2/locations/us-central1/repositories/gcf-artifacts","sourceProvenance":{"resolvedStorageSource":{"bucket":"gcf-v2-sources-53247704751-us-central1","object":"fetch_and_store_data/function-source.zip","generation":"1710195785239600"}},"dockerRegistry":"ARTIFACT_REGISTRY"},"serviceConfig":{"service":"projects/levelution-28ac2/locations/us-central1/services/fetch-and-store-data","timeoutSeconds":60,"environmentVariables":{"FIREBASE_CONFIG":"{\"projectId\":\"levelution-28ac2\",\"databaseURL\":\"https://levelution-28ac2-default-rtdb.firebaseio.com\",\"storageBucket\":\"levelution-28ac2.appspot.com\"}","GCLOUD_PROJECT":"levelution-28ac2","EVENTARC_CLOUD_EVENT_SOURCE":"projects/levelution-28ac2/locations/us-central1/services/fetch_and_store_data","FUNCTION_SIGNATURE_TYPE":"cloudevent","FUNCTION_TARGET":"fetch_and_store_data"},"ingressSettings":"ALLOW_ALL","uri":"https://fetch-and-store-data-qrigxp4rca-uc.a.run.app","serviceAccountEmail":"53247704751-compute@developer.gserviceaccount.com","availableMemory":"256Mi","allTrafficOnLatestRevision":true,"revision":"fetch-and-store-data-00002-qad","maxInstanceRequestConcurrency":80,"availableCpu":"1"},"eventTrigger":{"trigger":"projects/levelution-28ac2/locations/us-central1/triggers/fetch-and-store-data-161836","triggerRegion":"us-central1","eventType":"google.firebase.database.ref.v1.written","eventFilters":[{"attribute":"instance","value":"*","operator":"match-path-pattern"},{"attribute":"ref","value":"users/{email}/keys","operator":"match-path-pattern"}],"pubsubTopic":"projects/levelution-28ac2/topics/eventarc-us-central1-fetch-and-store-data-161836-125","serviceAccountEmail":"53247704751-compute@developer.gserviceaccount.com","retryPolicy":"RETRY_POLICY_DO_NOT_RETRY"},"state":"ACTIVE","labels":{"deployment-tool":"cli-firebase","firebase-functions-hash":"ec79eb850a228eb4fcd4f27abdcaa564a67d0264"},"environment":"GEN_2","url":"https://us-central1-levelution-28ac2.cloudfunctions.net/fetch_and_store_data"},"stages":[{"name":"BUILD","message":"Build in progress","state":"IN_PROGRESS","resource":"projects/53247704751/locations/us-central1/builds/0fdd7167-5508-4582-9819-7299720d4211","resourceUri":"https://console.cloud.google.com/cloud-build/builds;region=us-central1/0fdd7167-5508-4582-9819-7299720d4211?project=53247704751"},{"name":"SERVICE","state":"NOT_STARTED"},{"name":"TRIGGER","state":"NOT_STARTED"}],"operationType":"UPDATE_FUNCTION"},"done":false}
[debug] [2024-03-11T22:32:39.864Z] [update-default-us-central1-fetch_and_store_data] Retrying task index 0
[debug] [2024-03-11T22:32:39.864Z] >>> [apiv2][query] GET https://cloudfunctions.googleapis.com/v2/projects/levelution-28ac2/locations/us-central1/operations/operation-1710196356305-6136a1e505080-af6b145b-6810b9d9 [none]
[debug] [2024-03-11T22:32:40.160Z] <<< [apiv2][status] GET https://cloudfunctions.googleapis.com/v2/projects/levelution-28ac2/locations/us-central1/operations/operation-1710196356305-6136a1e505080-af6b145b-6810b9d9 200
[debug] [2024-03-11T22:32:40.160Z] <<< [apiv2][body] GET https://cloudfunctions.googleapis.com/v2/projects/levelution-28ac2/locations/us-central1/operations/operation-1710196356305-6136a1e505080-af6b145b-6810b9d9 {"name":"projects/levelution-28ac2/locations/us-central1/operations/operation-1710196356305-6136a1e505080-af6b145b-6810b9d9","metadata":{"@type":"type.googleapis.com/google.cloud.functions.v2.OperationMetadata","createTime":"2024-03-11T22:32:37.173620941Z","target":"projects/levelution-28ac2/locations/us-central1/functions/fetch_and_store_data","verb":"update","cancelRequested":false,"apiVersion":"v2","requestResource":{"@type":"type.googleapis.com/google.cloud.functions.v2.Function","name":"projects/levelution-28ac2/locations/us-central1/functions/fetch_and_store_data","buildConfig":{"runtime":"python312","entryPoint":"fetch_and_store_data","source":{"storageSource":{"bucket":"gcf-v2-sources-53247704751-us-central1","object":"fetch_and_store_data/function-source.zip","generation":"1710196357134439"}},"environmentVariables":{"GOOGLE_NODE_RUN_SCRIPTS":""},"dockerRepository":"projects/levelution-28ac2/locations/us-central1/repositories/gcf-artifacts","sourceProvenance":{"resolvedStorageSource":{"bucket":"gcf-v2-sources-53247704751-us-central1","object":"fetch_and_store_data/function-source.zip","generation":"1710195785239600"}},"dockerRegistry":"ARTIFACT_REGISTRY"},"serviceConfig":{"service":"projects/levelution-28ac2/locations/us-central1/services/fetch-and-store-data","timeoutSeconds":60,"environmentVariables":{"FIREBASE_CONFIG":"{\"projectId\":\"levelution-28ac2\",\"databaseURL\":\"https://levelution-28ac2-default-rtdb.firebaseio.com\",\"storageBucket\":\"levelution-28ac2.appspot.com\"}","GCLOUD_PROJECT":"levelution-28ac2","EVENTARC_CLOUD_EVENT_SOURCE":"projects/levelution-28ac2/locations/us-central1/services/fetch_and_store_data","FUNCTION_SIGNATURE_TYPE":"cloudevent","FUNCTION_TARGET":"fetch_and_store_data"},"ingressSettings":"ALLOW_ALL","uri":"https://fetch-and-store-data-qrigxp4rca-uc.a.run.app","serviceAccountEmail":"53247704751-compute@developer.gserviceaccount.com","availableMemory":"256Mi","allTrafficOnLatestRevision":true,"revision":"fetch-and-store-data-00002-qad","maxInstanceRequestConcurrency":80,"availableCpu":"1"},"eventTrigger":{"trigger":"projects/levelution-28ac2/locations/us-central1/triggers/fetch-and-store-data-161836","triggerRegion":"us-central1","eventType":"google.firebase.database.ref.v1.written","eventFilters":[{"attribute":"instance","value":"*","operator":"match-path-pattern"},{"attribute":"ref","value":"users/{email}/keys","operator":"match-path-pattern"}],"pubsubTopic":"projects/levelution-28ac2/topics/eventarc-us-central1-fetch-and-store-data-161836-125","serviceAccountEmail":"53247704751-compute@developer.gserviceaccount.com","retryPolicy":"RETRY_POLICY_DO_NOT_RETRY"},"state":"ACTIVE","labels":{"deployment-tool":"cli-firebase","firebase-functions-hash":"ec79eb850a228eb4fcd4f27abdcaa564a67d0264"},"environment":"GEN_2","url":"https://us-central1-levelution-28ac2.cloudfunctions.net/fetch_and_store_data"},"stages":[{"name":"BUILD","message":"Build in progress","state":"IN_PROGRESS","resource":"projects/53247704751/locations/us-central1/builds/0fdd7167-5508-4582-9819-7299720d4211","resourceUri":"https://console.cloud.google.com/cloud-build/builds;region=us-central1/0fdd7167-5508-4582-9819-7299720d4211?project=53247704751"},{"name":"SERVICE","state":"NOT_STARTED"},{"name":"TRIGGER","state":"NOT_STARTED"}],"operationType":"UPDATE_FUNCTION"},"done":false}
[debug] [2024-03-11T22:32:44.162Z] [update-default-us-central1-fetch_and_store_data] Retrying task index 0
[debug] [2024-03-11T22:32:44.162Z] >>> [apiv2][query] GET https://cloudfunctions.googleapis.com/v2/projects/levelution-28ac2/locations/us-central1/operations/operation-1710196356305-6136a1e505080-af6b145b-6810b9d9 [none]
[debug] [2024-03-11T22:32:44.450Z] <<< [apiv2][status] GET https://cloudfunctions.googleapis.com/v2/projects/levelution-28ac2/locations/us-central1/operations/operation-1710196356305-6136a1e505080-af6b145b-6810b9d9 200
[debug] [2024-03-11T22:32:44.450Z] <<< [apiv2][body] GET https://cloudfunctions.googleapis.com/v2/projects/levelution-28ac2/locations/us-central1/operations/operation-1710196356305-6136a1e505080-af6b145b-6810b9d9 {"name":"projects/levelution-28ac2/locations/us-central1/operations/operation-1710196356305-6136a1e505080-af6b145b-6810b9d9","metadata":{"@type":"type.googleapis.com/google.cloud.functions.v2.OperationMetadata","createTime":"2024-03-11T22:32:37.173620941Z","target":"projects/levelution-28ac2/locations/us-central1/functions/fetch_and_store_data","verb":"update","cancelRequested":false,"apiVersion":"v2","requestResource":{"@type":"type.googleapis.com/google.cloud.functions.v2.Function","name":"projects/levelution-28ac2/locations/us-central1/functions/fetch_and_store_data","buildConfig":{"runtime":"python312","entryPoint":"fetch_and_store_data","source":{"storageSource":{"bucket":"gcf-v2-sources-53247704751-us-central1","object":"fetch_and_store_data/function-source.zip","generation":"1710196357134439"}},"environmentVariables":{"GOOGLE_NODE_RUN_SCRIPTS":""},"dockerRepository":"projects/levelution-28ac2/locations/us-central1/repositories/gcf-artifacts","sourceProvenance":{"resolvedStorageSource":{"bucket":"gcf-v2-sources-53247704751-us-central1","object":"fetch_and_store_data/function-source.zip","generation":"1710195785239600"}},"dockerRegistry":"ARTIFACT_REGISTRY"},"serviceConfig":{"service":"projects/levelution-28ac2/locations/us-central1/services/fetch-and-store-data","timeoutSeconds":60,"environmentVariables":{"FIREBASE_CONFIG":"{\"projectId\":\"levelution-28ac2\",\"databaseURL\":\"https://levelution-28ac2-default-rtdb.firebaseio.com\",\"storageBucket\":\"levelution-28ac2.appspot.com\"}","GCLOUD_PROJECT":"levelution-28ac2","EVENTARC_CLOUD_EVENT_SOURCE":"projects/levelution-28ac2/locations/us-central1/services/fetch_and_store_data","FUNCTION_SIGNATURE_TYPE":"cloudevent","FUNCTION_TARGET":"fetch_and_store_data"},"ingressSettings":"ALLOW_ALL","uri":"https://fetch-and-store-data-qrigxp4rca-uc.a.run.app","serviceAccountEmail":"53247704751-compute@developer.gserviceaccount.com","availableMemory":"256Mi","allTrafficOnLatestRevision":true,"revision":"fetch-and-store-data-00002-qad","maxInstanceRequestConcurrency":80,"availableCpu":"1"},"eventTrigger":{"trigger":"projects/levelution-28ac2/locations/us-central1/triggers/fetch-and-store-data-161836","triggerRegion":"us-central1","eventType":"google.firebase.database.ref.v1.written","eventFilters":[{"attribute":"instance","value":"*","operator":"match-path-pattern"},{"attribute":"ref","value":"users/{email}/keys","operator":"match-path-pattern"}],"pubsubTopic":"projects/levelution-28ac2/topics/eventarc-us-central1-fetch-and-store-data-161836-125","serviceAccountEmail":"53247704751-compute@developer.gserviceaccount.com","retryPolicy":"RETRY_POLICY_DO_NOT_RETRY"},"state":"ACTIVE","labels":{"deployment-tool":"cli-firebase","firebase-functions-hash":"ec79eb850a228eb4fcd4f27abdcaa564a67d0264"},"environment":"GEN_2","url":"https://us-central1-levelution-28ac2.cloudfunctions.net/fetch_and_store_data"},"stages":[{"name":"BUILD","message":"Build in progress","state":"IN_PROGRESS","resource":"projects/53247704751/locations/us-central1/builds/0fdd7167-5508-4582-9819-7299720d4211","resourceUri":"https://console.cloud.google.com/cloud-build/builds;region=us-central1/0fdd7167-5508-4582-9819-7299720d4211?project=53247704751"},{"name":"SERVICE","state":"NOT_STARTED"},{"name":"TRIGGER","state":"NOT_STARTED"}],"operationType":"UPDATE_FUNCTION"},"done":false}
[debug] [2024-03-11T22:32:52.456Z] [update-default-us-central1-fetch_and_store_data] Retrying task index 0
[debug] [2024-03-11T22:32:52.456Z] >>> [apiv2][query] GET https://cloudfunctions.googleapis.com/v2/projects/levelution-28ac2/locations/us-central1/operations/operation-1710196356305-6136a1e505080-af6b145b-6810b9d9 [none]
[debug] [2024-03-11T22:32:52.729Z] <<< [apiv2][status] GET https://cloudfunctions.googleapis.com/v2/projects/levelution-28ac2/locations/us-central1/operations/operation-1710196356305-6136a1e505080-af6b145b-6810b9d9 200
[debug] [2024-03-11T22:32:52.730Z] <<< [apiv2][body] GET https://cloudfunctions.googleapis.com/v2/projects/levelution-28ac2/locations/us-central1/operations/operation-1710196356305-6136a1e505080-af6b145b-6810b9d9 {"name":"projects/levelution-28ac2/locations/us-central1/operations/operation-1710196356305-6136a1e505080-af6b145b-6810b9d9","metadata":{"@type":"type.googleapis.com/google.cloud.functions.v2.OperationMetadata","createTime":"2024-03-11T22:32:37.173620941Z","target":"projects/levelution-28ac2/locations/us-central1/functions/fetch_and_store_data","verb":"update","cancelRequested":false,"apiVersion":"v2","requestResource":{"@type":"type.googleapis.com/google.cloud.functions.v2.Function","name":"projects/levelution-28ac2/locations/us-central1/functions/fetch_and_store_data","buildConfig":{"runtime":"python312","entryPoint":"fetch_and_store_data","source":{"storageSource":{"bucket":"gcf-v2-sources-53247704751-us-central1","object":"fetch_and_store_data/function-source.zip","generation":"1710196357134439"}},"environmentVariables":{"GOOGLE_NODE_RUN_SCRIPTS":""},"dockerRepository":"projects/levelution-28ac2/locations/us-central1/repositories/gcf-artifacts","sourceProvenance":{"resolvedStorageSource":{"bucket":"gcf-v2-sources-53247704751-us-central1","object":"fetch_and_store_data/function-source.zip","generation":"1710195785239600"}},"dockerRegistry":"ARTIFACT_REGISTRY"},"serviceConfig":{"service":"projects/levelution-28ac2/locations/us-central1/services/fetch-and-store-data","timeoutSeconds":60,"environmentVariables":{"FIREBASE_CONFIG":"{\"projectId\":\"levelution-28ac2\",\"databaseURL\":\"https://levelution-28ac2-default-rtdb.firebaseio.com\",\"storageBucket\":\"levelution-28ac2.appspot.com\"}","GCLOUD_PROJECT":"levelution-28ac2","EVENTARC_CLOUD_EVENT_SOURCE":"projects/levelution-28ac2/locations/us-central1/services/fetch_and_store_data","FUNCTION_SIGNATURE_TYPE":"cloudevent","FUNCTION_TARGET":"fetch_and_store_data"},"ingressSettings":"ALLOW_ALL","uri":"https://fetch-and-store-data-qrigxp4rca-uc.a.run.app","serviceAccountEmail":"53247704751-compute@developer.gserviceaccount.com","availableMemory":"256Mi","allTrafficOnLatestRevision":true,"revision":"fetch-and-store-data-00002-qad","maxInstanceRequestConcurrency":80,"availableCpu":"1"},"eventTrigger":{"trigger":"projects/levelution-28ac2/locations/us-central1/triggers/fetch-and-store-data-161836","triggerRegion":"us-central1","eventType":"google.firebase.database.ref.v1.written","eventFilters":[{"attribute":"instance","value":"*","operator":"match-path-pattern"},{"attribute":"ref","value":"users/{email}/keys","operator":"match-path-pattern"}],"pubsubTopic":"projects/levelution-28ac2/topics/eventarc-us-central1-fetch-and-store-data-161836-125","serviceAccountEmail":"53247704751-compute@developer.gserviceaccount.com","retryPolicy":"RETRY_POLICY_DO_NOT_RETRY"},"state":"ACTIVE","labels":{"deployment-tool":"cli-firebase","firebase-functions-hash":"ec79eb850a228eb4fcd4f27abdcaa564a67d0264"},"environment":"GEN_2","url":"https://us-central1-levelution-28ac2.cloudfunctions.net/fetch_and_store_data"},"stages":[{"name":"BUILD","message":"Build in progress","state":"IN_PROGRESS","resource":"projects/53247704751/locations/us-central1/builds/0fdd7167-5508-4582-9819-7299720d4211","resourceUri":"https://console.cloud.google.com/cloud-build/builds;region=us-central1/0fdd7167-5508-4582-9819-7299720d4211?project=53247704751"},{"name":"SERVICE","state":"NOT_STARTED"},{"name":"TRIGGER","state":"NOT_STARTED"}],"operationType":"UPDATE_FUNCTION"},"done":false}
[debug] [2024-03-11T22:33:02.737Z] [update-default-us-central1-fetch_and_store_data] Retrying task index 0
[debug] [2024-03-11T22:33:02.737Z] >>> [apiv2][query] GET https://cloudfunctions.googleapis.com/v2/projects/levelution-28ac2/locations/us-central1/operations/operation-1710196356305-6136a1e505080-af6b145b-6810b9d9 [none]
[debug] [2024-03-11T22:33:03.161Z] <<< [apiv2][status] GET https://cloudfunctions.googleapis.com/v2/projects/levelution-28ac2/locations/us-central1/operations/operation-1710196356305-6136a1e505080-af6b145b-6810b9d9 200
[debug] [2024-03-11T22:33:03.162Z] <<< [apiv2][body] GET https://cloudfunctions.googleapis.com/v2/projects/levelution-28ac2/locations/us-central1/operations/operation-1710196356305-6136a1e505080-af6b145b-6810b9d9 {"name":"projects/levelution-28ac2/locations/us-central1/operations/operation-1710196356305-6136a1e505080-af6b145b-6810b9d9","metadata":{"@type":"type.googleapis.com/google.cloud.functions.v2.OperationMetadata","createTime":"2024-03-11T22:32:37.173620941Z","target":"projects/levelution-28ac2/locations/us-central1/functions/fetch_and_store_data","verb":"update","cancelRequested":false,"apiVersion":"v2","requestResource":{"@type":"type.googleapis.com/google.cloud.functions.v2.Function","name":"projects/levelution-28ac2/locations/us-central1/functions/fetch_and_store_data","buildConfig":{"runtime":"python312","entryPoint":"fetch_and_store_data","source":{"storageSource":{"bucket":"gcf-v2-sources-53247704751-us-central1","object":"fetch_and_store_data/function-source.zip","generation":"1710196357134439"}},"environmentVariables":{"GOOGLE_NODE_RUN_SCRIPTS":""},"dockerRepository":"projects/levelution-28ac2/locations/us-central1/repositories/gcf-artifacts","sourceProvenance":{"resolvedStorageSource":{"bucket":"gcf-v2-sources-53247704751-us-central1","object":"fetch_and_store_data/function-source.zip","generation":"1710195785239600"}},"dockerRegistry":"ARTIFACT_REGISTRY"},"serviceConfig":{"service":"projects/levelution-28ac2/locations/us-central1/services/fetch-and-store-data","timeoutSeconds":60,"environmentVariables":{"FIREBASE_CONFIG":"{\"projectId\":\"levelution-28ac2\",\"databaseURL\":\"https://levelution-28ac2-default-rtdb.firebaseio.com\",\"storageBucket\":\"levelution-28ac2.appspot.com\"}","GCLOUD_PROJECT":"levelution-28ac2","EVENTARC_CLOUD_EVENT_SOURCE":"projects/levelution-28ac2/locations/us-central1/services/fetch_and_store_data","FUNCTION_SIGNATURE_TYPE":"cloudevent","FUNCTION_TARGET":"fetch_and_store_data"},"ingressSettings":"ALLOW_ALL","uri":"https://fetch-and-store-data-qrigxp4rca-uc.a.run.app","serviceAccountEmail":"53247704751-compute@developer.gserviceaccount.com","availableMemory":"256Mi","allTrafficOnLatestRevision":true,"revision":"fetch-and-store-data-00002-qad","maxInstanceRequestConcurrency":80,"availableCpu":"1"},"eventTrigger":{"trigger":"projects/levelution-28ac2/locations/us-central1/triggers/fetch-and-store-data-161836","triggerRegion":"us-central1","eventType":"google.firebase.database.ref.v1.written","eventFilters":[{"attribute":"instance","value":"*","operator":"match-path-pattern"},{"attribute":"ref","value":"users/{email}/keys","operator":"match-path-pattern"}],"pubsubTopic":"projects/levelution-28ac2/topics/eventarc-us-central1-fetch-and-store-data-161836-125","serviceAccountEmail":"53247704751-compute@developer.gserviceaccount.com","retryPolicy":"RETRY_POLICY_DO_NOT_RETRY"},"state":"ACTIVE","labels":{"deployment-tool":"cli-firebase","firebase-functions-hash":"ec79eb850a228eb4fcd4f27abdcaa564a67d0264"},"environment":"GEN_2","url":"https://us-central1-levelution-28ac2.cloudfunctions.net/fetch_and_store_data"},"stages":[{"name":"BUILD","message":"Build in progress","state":"IN_PROGRESS","resource":"projects/53247704751/locations/us-central1/builds/0fdd7167-5508-4582-9819-7299720d4211","resourceUri":"https://console.cloud.google.com/cloud-build/builds;region=us-central1/0fdd7167-5508-4582-9819-7299720d4211?project=53247704751"},{"name":"SERVICE","state":"NOT_STARTED"},{"name":"TRIGGER","state":"NOT_STARTED"}],"operationType":"UPDATE_FUNCTION"},"done":false}
[debug] [2024-03-11T22:33:13.168Z] [update-default-us-central1-fetch_and_store_data] Retrying task index 0
[debug] [2024-03-11T22:33:13.168Z] >>> [apiv2][query] GET https://cloudfunctions.googleapis.com/v2/projects/levelution-28ac2/locations/us-central1/operations/operation-1710196356305-6136a1e505080-af6b145b-6810b9d9 [none]
[debug] [2024-03-11T22:33:13.604Z] <<< [apiv2][status] GET https://cloudfunctions.googleapis.com/v2/projects/levelution-28ac2/locations/us-central1/operations/operation-1710196356305-6136a1e505080-af6b145b-6810b9d9 200
[debug] [2024-03-11T22:33:13.604Z] <<< [apiv2][body] GET https://cloudfunctions.googleapis.com/v2/projects/levelution-28ac2/locations/us-central1/operations/operation-1710196356305-6136a1e505080-af6b145b-6810b9d9 {"name":"projects/levelution-28ac2/locations/us-central1/operations/operation-1710196356305-6136a1e505080-af6b145b-6810b9d9","metadata":{"@type":"type.googleapis.com/google.cloud.functions.v2.OperationMetadata","createTime":"2024-03-11T22:32:37.173620941Z","target":"projects/levelution-28ac2/locations/us-central1/functions/fetch_and_store_data","verb":"update","cancelRequested":false,"apiVersion":"v2","requestResource":{"@type":"type.googleapis.com/google.cloud.functions.v2.Function","name":"projects/levelution-28ac2/locations/us-central1/functions/fetch_and_store_data","buildConfig":{"runtime":"python312","entryPoint":"fetch_and_store_data","source":{"storageSource":{"bucket":"gcf-v2-sources-53247704751-us-central1","object":"fetch_and_store_data/function-source.zip","generation":"1710196357134439"}},"environmentVariables":{"GOOGLE_NODE_RUN_SCRIPTS":""},"dockerRepository":"projects/levelution-28ac2/locations/us-central1/repositories/gcf-artifacts","sourceProvenance":{"resolvedStorageSource":{"bucket":"gcf-v2-sources-53247704751-us-central1","object":"fetch_and_store_data/function-source.zip","generation":"1710195785239600"}},"dockerRegistry":"ARTIFACT_REGISTRY"},"serviceConfig":{"service":"projects/levelution-28ac2/locations/us-central1/services/fetch-and-store-data","timeoutSeconds":60,"environmentVariables":{"FIREBASE_CONFIG":"{\"projectId\":\"levelution-28ac2\",\"databaseURL\":\"https://levelution-28ac2-default-rtdb.firebaseio.com\",\"storageBucket\":\"levelution-28ac2.appspot.com\"}","GCLOUD_PROJECT":"levelution-28ac2","EVENTARC_CLOUD_EVENT_SOURCE":"projects/levelution-28ac2/locations/us-central1/services/fetch_and_store_data","FUNCTION_SIGNATURE_TYPE":"cloudevent","FUNCTION_TARGET":"fetch_and_store_data"},"ingressSettings":"ALLOW_ALL","uri":"https://fetch-and-store-data-qrigxp4rca-uc.a.run.app","serviceAccountEmail":"53247704751-compute@developer.gserviceaccount.com","availableMemory":"256Mi","allTrafficOnLatestRevision":true,"revision":"fetch-and-store-data-00002-qad","maxInstanceRequestConcurrency":80,"availableCpu":"1"},"eventTrigger":{"trigger":"projects/levelution-28ac2/locations/us-central1/triggers/fetch-and-store-data-161836","triggerRegion":"us-central1","eventType":"google.firebase.database.ref.v1.written","eventFilters":[{"attribute":"instance","value":"*","operator":"match-path-pattern"},{"attribute":"ref","value":"users/{email}/keys","operator":"match-path-pattern"}],"pubsubTopic":"projects/levelution-28ac2/topics/eventarc-us-central1-fetch-and-store-data-161836-125","serviceAccountEmail":"53247704751-compute@developer.gserviceaccount.com","retryPolicy":"RETRY_POLICY_DO_NOT_RETRY"},"state":"ACTIVE","labels":{"deployment-tool":"cli-firebase","firebase-functions-hash":"ec79eb850a228eb4fcd4f27abdcaa564a67d0264"},"environment":"GEN_2","url":"https://us-central1-levelution-28ac2.cloudfunctions.net/fetch_and_store_data"},"stages":[{"name":"BUILD","message":"Build in progress","state":"IN_PROGRESS","resource":"projects/53247704751/locations/us-central1/builds/0fdd7167-5508-4582-9819-7299720d4211","resourceUri":"https://console.cloud.google.com/cloud-build/builds;region=us-central1/0fdd7167-5508-4582-9819-7299720d4211?project=53247704751"},{"name":"SERVICE","state":"NOT_STARTED"},{"name":"TRIGGER","state":"NOT_STARTED"}],"operationType":"UPDATE_FUNCTION"},"done":false}
